<?xml version="1.0" encoding="UTF-8"?>
<!-- Generated by org.testng.reporters.JUnitReportReporter -->
<testsuite ignored="0" hostname="DESKTOP-JJ8PCSV" failures="0" tests="1" name="com.xe.currencyconverter.ccproject.CurrencyConversions" time="42.349" errors="0" timestamp="03 Jun 2023 19:07:39 GMT" skipped="0">
  <testcase classname="com.xe.currencyconverter.ccproject.CurrencyConversions" name="convertCurrencies" time="42.349"/>
</testsuite> <!-- com.xe.currencyconverter.ccproject.CurrencyConversions -->
