<?xml version="1.0" encoding="UTF-8"?>
<!-- Generated by org.testng.reporters.JUnitReportReporter -->
<testsuite ignored="0" hostname="DESKTOP-JJ8PCSV" failures="0" tests="5" name="com.xe.currencyconverter.ccproject.CurrencyConversions2" time="126.100" errors="0" timestamp="03 Jun 2023 19:04:47 GMT" skipped="0">
  <testcase classname="com.xe.currencyconverter.ccproject.CurrencyConversions2" name="convertCurrencies" time="26.877"/>
  <testcase classname="com.xe.currencyconverter.ccproject.CurrencyConversions2" name="convertCurrencies" time="24.661"/>
  <testcase classname="com.xe.currencyconverter.ccproject.CurrencyConversions2" name="convertCurrencies" time="25.335"/>
  <testcase classname="com.xe.currencyconverter.ccproject.CurrencyConversions2" name="convertCurrencies" time="23.801"/>
  <testcase classname="com.xe.currencyconverter.ccproject.CurrencyConversions2" name="convertCurrencies" time="25.426"/>
</testsuite> <!-- com.xe.currencyconverter.ccproject.CurrencyConversions2 -->
