<?xml version="1.0" encoding="UTF-8"?>
<!-- Generated by org.testng.reporters.JUnitReportReporter -->
<testsuite name="com.xe.currencyconverter.ccproject.CurrencyConversions2" tests="5" time="160.146" ignored="0" failures="0" timestamp="03 Jun 2023 15:40:19 GMT" skipped="0" hostname="DESKTOP-JJ8PCSV" errors="0">
  <testcase name="convertCurrencies" time="30.588" classname="com.xe.currencyconverter.ccproject.CurrencyConversions2"/>
  <testcase name="convertCurrencies" time="29.640" classname="com.xe.currencyconverter.ccproject.CurrencyConversions2"/>
  <testcase name="convertCurrencies" time="29.514" classname="com.xe.currencyconverter.ccproject.CurrencyConversions2"/>
  <testcase name="convertCurrencies" time="27.849" classname="com.xe.currencyconverter.ccproject.CurrencyConversions2"/>
  <testcase name="convertCurrencies" time="42.555" classname="com.xe.currencyconverter.ccproject.CurrencyConversions2"/>
</testsuite> <!-- com.xe.currencyconverter.ccproject.CurrencyConversions2 -->
