<?xml version="1.0" encoding="UTF-8"?>
<!-- Generated by org.testng.reporters.JUnitReportReporter -->
<testsuite name="com.xe.currencyconverter.ccproject.CurrencyConversions" tests="1" time="49.099" ignored="0" failures="0" timestamp="03 Jun 2023 15:37:02 GMT" skipped="0" hostname="DESKTOP-JJ8PCSV" errors="0">
  <testcase name="convertCurrencies" time="49.099" classname="com.xe.currencyconverter.ccproject.CurrencyConversions"/>
</testsuite> <!-- com.xe.currencyconverter.ccproject.CurrencyConversions -->
